mode: set
publisher_subscriber/internal/subpub/subpub.go:60.25,65.2 1 1
publisher_subscriber/internal/subpub/subpub.go:67.38,71.32 3 1
publisher_subscriber/internal/subpub/subpub.go:71.32,73.3 1 1
publisher_subscriber/internal/subpub/subpub.go:75.2,78.12 3 1
publisher_subscriber/internal/subpub/subpub.go:78.12,81.3 2 1
publisher_subscriber/internal/subpub/subpub.go:85.89,86.21 1 1
publisher_subscriber/internal/subpub/subpub.go:86.21,88.3 1 1
publisher_subscriber/internal/subpub/subpub.go:96.2,104.9 4 1
publisher_subscriber/internal/subpub/subpub.go:104.9,106.3 1 1
publisher_subscriber/internal/subpub/subpub.go:107.2,111.12 4 1
publisher_subscriber/internal/subpub/subpub.go:111.12,113.7 2 1
publisher_subscriber/internal/subpub/subpub.go:113.7,114.11 1 1
publisher_subscriber/internal/subpub/subpub.go:115.28,116.16 1 1
publisher_subscriber/internal/subpub/subpub.go:117.24,118.11 1 1
publisher_subscriber/internal/subpub/subpub.go:119.22,120.11 1 1
publisher_subscriber/internal/subpub/subpub.go:125.2,129.8 1 1
publisher_subscriber/internal/subpub/subpub.go:132.69,133.21 1 1
publisher_subscriber/internal/subpub/subpub.go:133.21,135.3 1 1
publisher_subscriber/internal/subpub/subpub.go:137.2,142.9 4 1
publisher_subscriber/internal/subpub/subpub.go:142.9,144.3 1 1
publisher_subscriber/internal/subpub/subpub.go:146.2,146.24 1 1
publisher_subscriber/internal/subpub/subpub.go:146.24,147.10 1 1
publisher_subscriber/internal/subpub/subpub.go:148.25,148.25 0 1
publisher_subscriber/internal/subpub/subpub.go:149.11,149.11 0 0
publisher_subscriber/internal/subpub/subpub.go:153.2,153.12 1 1
publisher_subscriber/internal/subpub/subpub.go:156.55,157.43 1 1
publisher_subscriber/internal/subpub/subpub.go:157.43,159.3 1 1
publisher_subscriber/internal/subpub/subpub.go:161.2,161.24 1 1
publisher_subscriber/internal/subpub/subpub.go:161.24,163.3 1 1
publisher_subscriber/internal/subpub/subpub.go:165.2,166.40 2 1
publisher_subscriber/internal/subpub/subpub.go:166.40,167.28 1 1
publisher_subscriber/internal/subpub/subpub.go:167.28,169.4 1 1
publisher_subscriber/internal/subpub/subpub.go:171.2,175.12 4 1
publisher_subscriber/internal/subpub/subpub.go:175.12,178.3 2 1
publisher_subscriber/internal/subpub/subpub.go:180.2,180.9 1 1
publisher_subscriber/internal/subpub/subpub.go:181.20,182.19 1 1
publisher_subscriber/internal/subpub/subpub.go:183.14,184.13 1 1
